This is pdfTeXk, Version 3.141592-1.40.3 (Web2C 7.5.6) (format=pdflatex 2013.8.22)  27 AUG 2014 18:45
entering extended mode
 %&-line parsing enabled.
**\nonstopmode \input{LAWSON_HOREL.tex}
(./LAWSON_HOREL.tex (/usr/share/texmf/tex/latex/base/article.cls
Document Class: article 2005/09/16 v1.4f Standard LaTeX document class
(/usr/share/texmf/tex/latex/base/size12.clo
File: size12.clo 2005/09/16 v1.4f Standard LaTeX file (size option)
)
\c@part=\count79
\c@section=\count80
\c@subsection=\count81
\c@subsubsection=\count82
\c@paragraph=\count83
\c@subparagraph=\count84
\c@figure=\count85
\c@table=\count86
\abovecaptionskip=\skip41
\belowcaptionskip=\skip42
\bibindent=\dimen102
) (./ametsoc.sty
Package: ametsoc 

(/usr/share/texmf/tex/latex/graphics/graphicx.sty
Package: graphicx 1999/02/16 v1.0f Enhanced LaTeX Graphics (DPC,SPQR)

(/usr/share/texmf/tex/latex/graphics/keyval.sty
Package: keyval 1999/03/16 v1.13 key=value parser (DPC)
\KV@toks@=\toks14
)
(/usr/share/texmf/tex/latex/graphics/graphics.sty
Package: graphics 2006/02/20 v1.0o Standard LaTeX Graphics (DPC,SPQR)

(/usr/share/texmf/tex/latex/graphics/trig.sty
Package: trig 1999/03/16 v1.09 sin cos tan (DPC)
)
(/usr/share/texmf/tex/latex/config/graphics.cfg
File: graphics.cfg 2007/01/18 v1.5 graphics configuration of teTeX/TeXLive
)
Package graphics Info: Driver file: pdftex.def on input line 90.

(/usr/share/texmf/tex/latex/pdftex-def/pdftex.def
File: pdftex.def 2007/01/08 v0.04d Graphics/color for pdfTeX
\Gread@gobject=\count87
))
\Gin@req@height=\dimen103
\Gin@req@width=\dimen104
)
(/usr/share/texmf/tex/latex/geometry/geometry.sty
Package: geometry 2002/07/08 v3.2 Page Geometry
\Gm@cnth=\count88
\Gm@cntv=\count89
\c@Gm@tempcnt=\count90
\Gm@bindingoffset=\dimen105
\Gm@wd@mp=\dimen106
\Gm@odd@mp=\dimen107
\Gm@even@mp=\dimen108
\Gm@dimlist=\toks15
)
(/usr/share/texmf/tex/latex/natbib/natbib.sty
Package: natbib 2007/02/05 8.0 (PWD)
\bibhang=\skip43
\bibsep=\skip44
LaTeX Info: Redefining \cite on input line 602.
\c@NAT@ctr=\count91
)
(/usr/share/texmf/tex/latex/ltxmisc/url.sty
\Urlmuskip=\muskip10
Package: url 2005/06/27  ver 3.2  Verb mode for urls, etc.
)
(/usr/share/texmf/tex/latex/graphics/color.sty
Package: color 2005/11/14 v1.0j Standard LaTeX Color (DPC)

(/usr/share/texmf/tex/latex/config/color.cfg
File: color.cfg 2007/01/18 v1.5 color configuration of teTeX/TeXLive
)
Package color Info: Driver file: pdftex.def on input line 130.
)
(/usr/share/texmf/tex/latex/fancyhdr/fancyhdr.sty
\fancy@headwidth=\skip45
\f@ncyO@elh=\skip46
\f@ncyO@erh=\skip47
\f@ncyO@olh=\skip48
\f@ncyO@orh=\skip49
\f@ncyO@elf=\skip50
\f@ncyO@erf=\skip51
\f@ncyO@olf=\skip52
\f@ncyO@orf=\skip53
)
(/usr/share/texmf/tex/latex/amsmath/amsmath.sty
Package: amsmath 2000/07/18 v2.13 AMS math features
\@mathmargin=\skip54

For additional information on amsmath, use the `?' option.
(/usr/share/texmf/tex/latex/amsmath/amstext.sty
Package: amstext 2000/06/29 v2.01

(/usr/share/texmf/tex/latex/amsmath/amsgen.sty
File: amsgen.sty 1999/11/30 v2.0
\@emptytoks=\toks16
\ex@=\dimen109
))
(/usr/share/texmf/tex/latex/amsmath/amsbsy.sty
Package: amsbsy 1999/11/29 v1.2d
\pmbraise@=\dimen110
)
(/usr/share/texmf/tex/latex/amsmath/amsopn.sty
Package: amsopn 1999/12/14 v2.01 operator names
)
\inf@bad=\count92
LaTeX Info: Redefining \frac on input line 211.
\uproot@=\count93
\leftroot@=\count94
LaTeX Info: Redefining \overline on input line 307.
\classnum@=\count95
\DOTSCASE@=\count96
LaTeX Info: Redefining \ldots on input line 379.
LaTeX Info: Redefining \dots on input line 382.
LaTeX Info: Redefining \cdots on input line 467.
\Mathstrutbox@=\box26
\strutbox@=\box27
\big@size=\dimen111
LaTeX Font Info:    Redeclaring font encoding OML on input line 567.
LaTeX Font Info:    Redeclaring font encoding OMS on input line 568.
\macc@depth=\count97
\c@MaxMatrixCols=\count98
\dotsspace@=\muskip11
\c@parentequation=\count99
\dspbrk@lvl=\count100
\tag@help=\toks17
\row@=\count101
\column@=\count102
\maxfields@=\count103
\andhelp@=\toks18
\eqnshift@=\dimen112
\alignsep@=\dimen113
\tagshift@=\dimen114
\tagwidth@=\dimen115
\totwidth@=\dimen116
\lineht@=\dimen117
\@envbody=\toks19
\multlinegap=\skip55
\multlinetaggap=\skip56
\mathdisplay@stack=\toks20
LaTeX Info: Redefining \[ on input line 2666.
LaTeX Info: Redefining \] on input line 2667.
)
(/usr/share/texmf/tex/latex/amsfonts/amsfonts.sty
Package: amsfonts 2001/10/25 v2.2f
\symAMSa=\mathgroup4
\symAMSb=\mathgroup5
LaTeX Font Info:    Overwriting math alphabet `\mathfrak' in version `bold'
(Font)                  U/euf/m/n --> U/euf/b/n on input line 132.
)
(/usr/share/texmf/tex/latex/amsfonts/amssymb.sty
Package: amssymb 2002/01/22 v2.2d
)
(/usr/share/texmf/tex/latex/tools/bm.sty
Package: bm 2004/02/26 v1.1c Bold Symbol Support (DPC/FMi)
\symboldoperators=\mathgroup6
\symboldletters=\mathgroup7
\symboldsymbols=\mathgroup8
LaTeX Font Info:    Redeclaring math alphabet \mathbf on input line 137.
LaTeX Info: Redefining \bm on input line 203.
)
(/usr/share/texmf/tex/latex/lineno/lineno.sty
Package: lineno 2005/11/02 line numbers on paragraphs v4.41
\linenopenalty=\count104
\output=\toks21
\linenoprevgraf=\count105
\linenumbersep=\dimen118
\linenumberwidth=\dimen119
\c@linenumber=\count106
\c@pagewiselinenumber=\count107
\c@LN@truepage=\count108
\c@internallinenumber=\count109
\c@internallinenumbers=\count110
\quotelinenumbersep=\dimen120
\bframerule=\dimen121
\bframesep=\dimen122
\bframebox=\box28
LaTeX Info: Redefining \\ on input line 3056.
)
(/usr/share/texmf/tex/latex/tools/indentfirst.sty
Package: indentfirst 1995/11/23 v1.03 Indent first paragraph (DPC)
)
(/usr/share/texmf/tex/latex/base/ifthen.sty
Package: ifthen 2001/05/26 v1.1c Standard LaTeX ifthen package (DPC)
)
(/usr/share/texmf/tex/latex/endfloat/endfloat.sty
Package: endfloat 1995/10/11 v2.4i LaTeX2e package puts figures and tables at e
nd (jdm)
\c@postfig=\count111
\efloat@postfff=\write3
\@ef@fffopen=\count112
\c@posttbl=\count113
\efloat@postttt=\write4
\@ef@tttopen=\count114

*** Using endfloat.cfg ***
(./endfloat.cfg (/usr/share/texmf/tex/latex/rotating/rotating.sty
Package: rotating 1997/09/26, v2.13 Rotation package
\c@r@tfl@t=\count115
\rot@float@box=\box29
))))
(/usr/share/texmf/tex/latex/rotfloat/rotfloat.sty
Package: rotfloat 2004/01/04 v1.2 Combining float+rotating package (AS)

(/usr/share/texmf/tex/latex/float/float.sty
Package: float 2001/11/08 v1.3d Float enhancements (AL)
\c@float@type=\count116
\float@exts=\toks22
\float@box=\box30
\@float@everytoks=\toks23
\@floatcapt=\box31
)
Package rotfloat Info: float package v1.3 detected on input line 74.
)
(/usr/share/texmf/tex/latex/subfig/subfig.sty
Package: subfig 2005/06/28 ver: 1.3 subfig package

(/usr/share/texmf/tex/latex/caption/caption.sty
Package: caption 2007/01/07 v3.0k Customising captions (AR)

(/usr/share/texmf/tex/latex/caption/caption3.sty
Package: caption3 2007/01/07 v3.0k caption3 kernel (AR)
\captionmargin=\dimen123
\captionmarginx=\dimen124
\captionwidth=\dimen125
\captionindent=\dimen126
\captionparindent=\dimen127
\captionhangindent=\dimen128
)
Package caption Info: float package v1.3 (or newer) detected on input line 275.

Package caption Info: rotating package v2.0 (or newer) detected on input line 3
82.
)
\c@KVtest=\count117
\sf@farskip=\skip57
\sf@captopadj=\dimen129
\sf@capskip=\skip58
\sf@nearskip=\skip59
\c@subfigure=\count118
\c@subfigure@save=\count119
\c@lofdepth=\count120
\c@subtable=\count121
\c@subtable@save=\count122
\c@lotdepth=\count123
\sf@top=\skip60
\sf@bottom=\skip61
)
(/usr/share/texmf/tex/latex/tools/array.sty
Package: array 2005/08/23 v2.4b Tabular extension package (FMi)
\col@sep=\dimen130
\extrarowheight=\dimen131
\NC@list=\toks24
\extratabsurround=\skip62
\backup@length=\skip63
) (./LAWSON_HOREL.aux)
\openout1 = `LAWSON_HOREL.aux'.

LaTeX Font Info:    Checking defaults for OML/cmm/m/it on input line 55.
LaTeX Font Info:    ... okay on input line 55.
LaTeX Font Info:    Checking defaults for T1/cmr/m/n on input line 55.
LaTeX Font Info:    ... okay on input line 55.
LaTeX Font Info:    Checking defaults for OT1/cmr/m/n on input line 55.
LaTeX Font Info:    ... okay on input line 55.
LaTeX Font Info:    Checking defaults for OMS/cmsy/m/n on input line 55.
LaTeX Font Info:    ... okay on input line 55.
LaTeX Font Info:    Checking defaults for OMX/cmex/m/n on input line 55.
LaTeX Font Info:    ... okay on input line 55.
LaTeX Font Info:    Checking defaults for U/cmr/m/n on input line 55.
LaTeX Font Info:    ... okay on input line 55.
-------------------- Geometry parameters
paper: letterpaper
landscape: --
twocolumn: --
twoside: --
asymmetric: --
h-parts: 72.41226pt, 469.47046pt, 72.41228pt
v-parts: 57.36081pt, 651.56793pt, 86.04124pt
hmarginratio: 1:1
vmarginratio: 2:3
lines: --
heightrounded: --
bindingoffset: 0.0pt
truedimen: --
includehead: --
includefoot: --
includemp: --
driver: pdftex
-------------------- Page layout dimensions and switches
\paperwidth  614.295pt
\paperheight 794.96999pt
\textwidth  469.47046pt
\textheight 651.56793pt
\oddsidemargin  0.14227pt
\evensidemargin 0.14227pt
\topmargin  -51.90918pt
\headheight 12.0pt
\headsep    25.0pt
\footskip   30.0pt
\marginparwidth 44.0pt
\marginparsep   10.0pt
\columnsep  10.0pt
\skip\footins  10.8pt plus 4.0pt minus 2.0pt
\hoffset 0.0pt
\voffset 0.0pt
\mag 1000

(1in=72.27pt, 1cm=28.45pt)
-----------------------

(/usr/share/texmf/tex/latex/ragged2e/ragged2e.sty
Package: ragged2e 2003/03/25 v2.04 ragged2e Package (MS)

(/usr/share/texmf/tex/latex/everysel/everysel.sty
Package: everysel 1999/06/08 v1.03 EverySelectfont Package (MS)
LaTeX Info: Redefining \selectfont on input line 125.
)
\CenteringLeftskip=\skip64
\RaggedLeftLeftskip=\skip65
\RaggedRightLeftskip=\skip66
\CenteringRightskip=\skip67
\RaggedLeftRightskip=\skip68
\RaggedRightRightskip=\skip69
\CenteringParfillskip=\skip70
\RaggedLeftParfillskip=\skip71
\RaggedRightParfillskip=\skip72
\JustifyingParfillskip=\skip73
\CenteringParindent=\skip74
\RaggedLeftParindent=\skip75
\RaggedRightParindent=\skip76
\JustifyingParindent=\skip77
)
Package caption Info: subref 1.2 or 1.3 detected on input line 55.
LaTeX Info: Redefining \subref on input line 55.
LaTeX Font Info:    Try loading font information for U+msa on input line 106.

(/usr/share/texmf/tex/latex/amsfonts/umsa.fd
File: umsa.fd 2002/01/19 v2.2g AMS font definitions
)
LaTeX Font Info:    Try loading font information for U+msb on input line 106.

(/usr/share/texmf/tex/latex/amsfonts/umsb.fd
File: umsb.fd 2002/01/19 v2.2g AMS font definitions
)
Overfull \hbox (3.44841pt too wide) in paragraph at lines 106--106
 [][] 
 []


Package Fancyhdr Warning: \headheight is too small (12.0pt): 
 Make it at least 14.49998pt.
 We now make it that large for the rest of the document.
 This may cause the page layout to be inconsistent, however.

[1{/usr/share/texmf/fonts/map/pdftex/updmap/pdftex.map}

]
LaTeX Font Info:    Try loading font information for OML+cmr on input line 106.


(/usr/share/texmf/tex/latex/base/omlcmr.fd
File: omlcmr.fd 1999/05/25 v2.5h Standard LaTeX font definitions
)
LaTeX Font Info:    Font shape `OML/cmr/m/n' in size <12> not available
(Font)              Font shape `OML/cmm/m/it' tried instead on input line 106.
 [1] [2] [3] [4] [5]
Overfull \hbox (2.72328pt too wide) in paragraph at lines 137--138
[]\OT1/cmr/m/n/12 Numerical sim-u-la-tions were per-formed with the Weather Re-
search and Fore-cast-ing (WRF)
 []

[6] [7] [8] [9]
Missing character: There is no â in font cmr12!
Missing character: There is no € in font cmr12!
Missing character: There is no “ in font cmr12!
 [10] [11] [12] [13] [14] [15] [16] [17]
Overfull \hbox (2.054pt too wide) in paragraph at lines 197--198
\OT1/cmr/m/n/12 are gen-er-ated by ro-tat-ing the wind com-po-nents $\OMS/cmsy/
m/n/12 ^^X$\OT1/cmr/m/n/12 5$[]$ coun-ter-clock-wise (Fig. 16[]). At 1200UTC,
 []

[18] [19]
LaTeX Font Info:    Try loading font information for OMS+cmr on input line 214.

 (/usr/share/texmf/tex/latex/base/omscmr.fd
File: omscmr.fd 1999/05/25 v2.5h Standard LaTeX font definitions
)
LaTeX Font Info:    Font shape `OMS/cmr/m/n' in size <12> not available
(Font)              Font shape `OMS/cmsy/m/n' tried instead on input line 214.
 [20] [21] [22] [23]
[24] (./LAWSON_HOREL.bbl [25


] [26] [27])
\openout3 = `LAWSON_HOREL.fff'.

 (LAWSON_HOREL.fff)
\openout4 = `LAWSON_HOREL.ttt'.

 (LAWSON_HOREL.ttt)
AED endfloat: Processing end Figures and Tables [28] (./LAWSON_HOREL.lot)
\tf@lot=\write5
\openout5 = `LAWSON_HOREL.lot'.


[29



] (./LAWSON_HOREL.ttt [30] [31]) (./LAWSON_HOREL.lof
Overfull \hbox (9.05104pt too wide) in paragraph at lines 2--2
 [][] []\OT1/cmr/m/n/12 Anemometers in-stalled in Cen-ter-ville, UT, by Union P
a-cific Rail-road ([] 
 []

[32




] [33] [34])
\tf@lof=\write6
\openout6 = `LAWSON_HOREL.lof'.

 [35] (./LAWSON_HOREL.fff
<map2.png, id=128, 361.35pt x 505.89pt>
File: map2.png Graphic file (type png)
 <use map2.png> [36 <./map2.png>]
<cen_cenwws_small_crop_BW.jpg, id=134, 602.25pt x 589.20125pt>
File: cen_cenwws_small_crop_BW.jpg Graphic file (type jpg)

<use cen_cenwws_small_crop_BW.jpg> [37 <./cen_cenwws_small_crop_BW.jpg>]
<domains.pdf, id=138, 422.4904pt x 261.1115pt>
File: domains.pdf Graphic file (type pdf)
 <use domains.pdf> [38 <./domains.pdf

pdfTeX warning: pdflatex (file ./domains.pdf): PDF inclusion: Page Group detect
ed which pdfTeX can't handle. Ignoring it.
>] <climoplot.pdf, id=1589, 422.4904pt x 261.1115pt>
File: climoplot.pdf Graphic file (type pdf)
 <use climoplot.pdf>
[39 <./climoplot.pdf

pdfTeX warning: pdflatex (file ./climoplot.pdf): PDF inclusion: Page Group dete
cted which pdfTeX can't handle. Ignoring it.
>] <composite_700hPa_Z.pdf, id=1644, 422.4904pt x 422.4904pt>
File: composite_700hPa_Z.pdf Graphic file (type pdf)

<use composite_700hPa_Z.pdf> [40 <./composite_700hPa_Z.pdf

pdfTeX warning: pdflatex (file ./composite_700hPa_Z.pdf): PDF inclusion: Page G
roup detected which pdfTeX can't handle. Ignoring it.
>] <dec1_Z_wind_ERA.pdf, id=2518, 422.4904pt x 458.62541pt>
File: dec1_Z_wind_ERA.pdf Graphic file (type pdf)

<use dec1_Z_wind_ERA.pdf> [41 <./dec1_Z_wind_ERA.pdf

pdfTeX warning: pdflatex (file ./dec1_Z_wind_ERA.pdf): PDF inclusion: Page Grou
p detected which pdfTeX can't handle. Ignoring it.
>] <mobmes_09.pdf, id=3659, 422.4904pt x 494.7604pt>
File: mobmes_09.pdf Graphic file (type pdf)
 <use mobmes_09.pdf>
[42 <./mobmes_09.pdf

pdfTeX warning: pdflatex (file ./mobmes_09.pdf): PDF inclusion: Page Group dete
cted which pdfTeX can't handle. Ignoring it.
>] <obs_comp.pdf, id=3862, 422.4904pt x 494.7604pt>
File: obs_comp.pdf Graphic file (type pdf)
 <use obs_comp.pdf> [43 <./obs_comp.pdf

pdfTeX warning: pdflatex (file ./obs_comp.pdf): PDF inclusion: Page Group detec
ted which pdfTeX can't handle. Ignoring it.
>] <KSLC_SkewT.pdf, id=3912, 422.4904pt x 422.4904pt>
File: KSLC_SkewT.pdf Graphic file (type pdf)
 <use KSLC_SkewT.pdf>
[44 <./KSLC_SkewT.pdf

pdfTeX warning: pdflatex (file ./KSLC_SkewT.pdf): PDF inclusion: Page Group det
ected which pdfTeX can't handle. Ignoring it.
>] <sound_comp.pdf, id=4009, 531.9875pt x 902.37125pt>
File: sound_comp.pdf Graphic file (type pdf)
 <use sound_comp.pdf>
[45 <./sound_comp.pdf

pdfTeX warning: pdflatex (file ./sound_comp.pdf): PDF inclusion: Page Group det
ected which pdfTeX can't handle. Ignoring it.
>] <vertical_vel_crop.jpg, id=4035, 473.77pt x 466.74374pt>
File: vertical_vel_crop.jpg Graphic file (type jpg)

<use vertical_vel_crop.jpg> [46 <./vertical_vel_crop.jpg>]
<WRF700.pdf, id=4039, 422.4904pt x 422.4904pt>
File: WRF700.pdf Graphic file (type pdf)
 <use WRF700.pdf> [47 <./WRF700.pdf

pdfTeX warning: pdflatex (file ./WRF700.pdf): PDF inclusion: Page Group detecte
d which pdfTeX can't handle. Ignoring it.
>] <verification.pdf, id=6525, 422.4904pt x 297.24649pt>
File: verification.pdf Graphic file (type pdf)

<use verification.pdf> [48 <./verification.pdf

pdfTeX warning: pdflatex (file ./verification.pdf): PDF inclusion: Page Group d
etected which pdfTeX can't handle. Ignoring it.
>] <GloversLane_ts.pdf, id=11145, 422.4904pt x 333.3815pt>
File: GloversLane_ts.pdf Graphic file (type pdf)

<use GloversLane_ts.pdf> [49 <./GloversLane_ts.pdf

pdfTeX warning: pdflatex (file ./GloversLane_ts.pdf): PDF inclusion: Page Group
 detected which pdfTeX can't handle. Ignoring it.
>] <yes_xs_westeast_parawind.pdf, id=11202, 422.4904pt x 449.95302pt>
File: yes_xs_westeast_parawind.pdf Graphic file (type pdf)

<use yes_xs_westeast_parawind.pdf> [50 <./yes_xs_westeast_parawind.pdf

pdfTeX warning: pdflatex (file ./yes_xs_westeast_parawind.pdf): PDF inclusion: 
Page Group detected which pdfTeX can't handle. Ignoring it.
>] <yes_xs_northsouth_perpwind.pdf, id=11901, 422.4904pt x 449.95302pt>
File: yes_xs_northsouth_perpwind.pdf Graphic file (type pdf)

<use yes_xs_northsouth_perpwind.pdf> [51 <./yes_xs_northsouth_perpwind.pdf

pdfTeX warning: pdflatex (file ./yes_xs_northsouth_perpwind.pdf): PDF inclusion
: Page Group detected which pdfTeX can't handle. Ignoring it.
>] <eastdiff.pdf, id=12384, 422.4904pt x 494.7604pt>
File: eastdiff.pdf Graphic file (type pdf)
 <use eastdiff.pdf>
[52 <./eastdiff.pdf

pdfTeX warning: pdflatex (file ./eastdiff.pdf): PDF inclusion: Page Group detec
ted which pdfTeX can't handle. Ignoring it.
>] <no_xs_westeast_parawind.pdf, id=15360, 422.4904pt x 449.95302pt>
File: no_xs_westeast_parawind.pdf Graphic file (type pdf)

<use no_xs_westeast_parawind.pdf> [53 <./no_xs_westeast_parawind.pdf

pdfTeX warning: pdflatex (file ./no_xs_westeast_parawind.pdf): PDF inclusion: P
age Group detected which pdfTeX can't handle. Ignoring it.
>] <no_xs_northsouth_perpwind.pdf, id=16021, 422.4904pt x 449.95302pt>
File: no_xs_northsouth_perpwind.pdf Graphic file (type pdf)

<use no_xs_northsouth_perpwind.pdf> [54 <./no_xs_northsouth_perpwind.pdf

pdfTeX warning: pdflatex (file ./no_xs_northsouth_perpwind.pdf): PDF inclusion:
 Page Group detected which pdfTeX can't handle. Ignoring it.
>]) (./LAWSON_HOREL.aux) ) 
Here is how much of TeX's memory you used:
 3844 strings out of 256216
 51226 string characters out of 1917072
 113572 words of memory out of 1500000
 7004 multiletter control sequences out of 10000+200000
 21790 words of font info for 79 fonts, out of 1200000 for 2000
 645 hyphenation exceptions out of 8191
 44i,14n,45p,2168b,307s stack positions out of 5000i,500n,6000p,200000b,15000s
</usr/share/texmf/fonts/type1/bluesky/cm/cmbx12.pfb><
/usr/share/texmf/fonts/type1/bluesky/cm/cmcsc10.pfb></usr/share/texmf/fonts/typ
e1/bluesky/cm/cmmi12.pfb></usr/share/texmf/fonts/type1/bluesky/cm/cmr10.pfb></u
sr/share/texmf/fonts/type1/bluesky/cm/cmr12.pfb></usr/share/texmf/fonts/type1/b
luesky/cm/cmr7.pfb></usr/share/texmf/fonts/type1/bluesky/cm/cmr8.pfb></usr/shar
e/texmf/fonts/type1/bluesky/cm/cmss8.pfb></usr/share/texmf/fonts/type1/bluesky/
cm/cmsy10.pfb></usr/share/texmf/fonts/type1/bluesky/cm/cmsy7.pfb></usr/share/te
xmf/fonts/type1/bluesky/cm/cmsy8.pfb></usr/share/texmf/fonts/type1/bluesky/cm/c
mti10.pfb></usr/share/texmf/fonts/type1/bluesky/cm/cmti12.pfb>
Output written on LAWSON_HOREL.pdf (55 pages, 16050904 bytes).
PDF statistics:
 16521 PDF objects out of 18468 (max. 8388607)
 0 named destinations out of 1000 (max. 131072)
 96 words of extra memory for PDF output out of 10000 (max. 10000000)

